# JRE version: OpenJDK Runtime Environment (8.0_152-b02) (build 1.8.0_152-release-1024-b02)
# Java VM: OpenJDK 64-Bit Server VM (25.152-b02 mixed mode windows-amd64 compressed oops)
Heap:
 PSYoungGen      total 469504K, used 274805K [0x00000000e0000000, 0x0000000100000000, 0x0000000100000000)
  eden space 421888K, 53% used [0x00000000e0000000,0x00000000edde39a8,0x00000000f9c00000)
  from space 47616K, 99% used [0x00000000f9c00000,0x00000000fca79ab8,0x00000000fca80000)
  to   space 54784K, 0% used [0x00000000fca80000,0x00000000fca80000,0x0000000100000000)
 ParOldGen       total 295424K, used 234000K [0x00000000a0000000, 0x00000000b2080000, 0x00000000e0000000)
  object space 295424K, 79% used [0x00000000a0000000,0x00000000ae4842b0,0x00000000b2080000)
 Metaspace       used 123541K, capacity 128144K, committed 130636K, reserved 1163264K
  class space    used 15088K, capacity 16114K, committed 16768K, reserved 1048576K
GC Heap History (10 events):
Event: 5874.384 GC heap before
{Heap before GC invocations=44 (full 5):
 PSYoungGen      total 459776K, used 407451K [0x00000000e0000000, 0x00000000ff800000, 0x0000000100000000)
  eden space 400896K, 100% used [0x00000000e0000000,0x00000000f8780000,0x00000000f8780000)
  from space 58880K, 11% used [0x00000000fbe80000,0x00000000fc4e6d10,0x00000000ff800000)
  to   space 56320K, 0% used [0x00000000f8780000,0x00000000f8780000,0x00000000fbe80000)
 ParOldGen       total 295424K, used 158815K [0x00000000a0000000, 0x00000000b2080000, 0x00000000e0000000)
  object space 295424K, 53% used [0x00000000a0000000,0x00000000a9b17db0,0x00000000b2080000)
 Metaspace       used 122553K, capacity 127008K, committed 130124K, reserved 1163264K
  class space    used 15013K, capacity 15980K, committed 16768K, reserved 1048576K
Event: 5874.398 GC heap after
Heap after GC invocations=44 (full 5):
 PSYoungGen      total 457216K, used 4425K [0x00000000e0000000, 0x00000000ff980000, 0x0000000100000000)
  eden space 400896K, 0% used [0x00000000e0000000,0x00000000e0000000,0x00000000f8780000)
  from space 56320K, 7% used [0x00000000f8780000,0x00000000f8bd26f8,0x00000000fbe80000)
  to   space 54272K, 0% used [0x00000000fc480000,0x00000000fc480000,0x00000000ff980000)
 ParOldGen       total 295424K, used 162845K [0x00000000a0000000, 0x00000000b2080000, 0x00000000e0000000)
  object space 295424K, 55% used [0x00000000a0000000,0x00000000a9f076b8,0x00000000b2080000)
 Metaspace       used 122553K, capacity 127008K, committed 130124K, reserved 1163264K
  class space    used 15013K, capacity 15980K, committed 16768K, reserved 1048576K
}
Event: 5876.714 GC heap before
{Heap before GC invocations=45 (full 5):
 PSYoungGen      total 457216K, used 405321K [0x00000000e0000000, 0x00000000ff980000, 0x0000000100000000)
  eden space 400896K, 100% used [0x00000000e0000000,0x00000000f8780000,0x00000000f8780000)
  from space 56320K, 7% used [0x00000000f8780000,0x00000000f8bd26f8,0x00000000fbe80000)
  to   space 54272K, 0% used [0x00000000fc480000,0x00000000fc480000,0x00000000ff980000)
 ParOldGen       total 295424K, used 162845K [0x00000000a0000000, 0x00000000b2080000, 0x00000000e0000000)
  object space 295424K, 55% used [0x00000000a0000000,0x00000000a9f076b8,0x00000000b2080000)
 Metaspace       used 122591K, capacity 127072K, committed 130124K, reserved 1163264K
  class space    used 15013K, capacity 15980K, committed 16768K, reserved 1048576K
Event: 5876.734 GC heap after
Heap after GC invocations=45 (full 5):
 PSYoungGen      total 464896K, used 7546K [0x00000000e0000000, 0x00000000ff800000, 0x0000000100000000)
  eden space 412160K, 0% used [0x00000000e0000000,0x00000000e0000000,0x00000000f9280000)
  from space 52736K, 14% used [0x00000000fc480000,0x00000000fcbde850,0x00000000ff800000)
  to   space 51200K, 0% used [0x00000000f9280000,0x00000000f9280000,0x00000000fc480000)
 ParOldGen       total 295424K, used 165367K [0x00000000a0000000, 0x00000000b2080000, 0x00000000e0000000)
  object space 295424K, 55% used [0x00000000a0000000,0x00000000aa17deb0,0x00000000b2080000)
 Metaspace       used 122591K, capacity 127072K, committed 130124K, reserved 1163264K
  class space    used 15013K, capacity 15980K, committed 16768K, reserved 1048576K
}
Event: 5878.055 GC heap before
{Heap before GC invocations=46 (full 5):
 PSYoungGen      total 464896K, used 419706K [0x00000000e0000000, 0x00000000ff800000, 0x0000000100000000)
  eden space 412160K, 100% used [0x00000000e0000000,0x00000000f9280000,0x00000000f9280000)
  from space 52736K, 14% used [0x00000000fc480000,0x00000000fcbde850,0x00000000ff800000)
  to   space 51200K, 0% used [0x00000000f9280000,0x00000000f9280000,0x00000000fc480000)
 ParOldGen       total 295424K, used 165367K [0x00000000a0000000, 0x00000000b2080000, 0x00000000e0000000)
  object space 295424K, 55% used [0x00000000a0000000,0x00000000aa17deb0,0x00000000b2080000)
 Metaspace       used 122608K, capacity 127072K, committed 130124K, reserved 1163264K
  class space    used 15014K, capacity 15980K, committed 16768K, reserved 1048576K
Event: 5878.069 GC heap after
Heap after GC invocations=46 (full 5):
 PSYoungGen      total 463360K, used 4946K [0x00000000e0000000, 0x00000000ffa80000, 0x0000000100000000)
  eden space 412160K, 0% used [0x00000000e0000000,0x00000000e0000000,0x00000000f9280000)
  from space 51200K, 9% used [0x00000000f9280000,0x00000000f9754b78,0x00000000fc480000)
  to   space 49152K, 0% used [0x00000000fca80000,0x00000000fca80000,0x00000000ffa80000)
 ParOldGen       total 295424K, used 167985K [0x00000000a0000000, 0x00000000b2080000, 0x00000000e0000000)
  object space 295424K, 56% used [0x00000000a0000000,0x00000000aa40c720,0x00000000b2080000)
 Metaspace       used 122608K, capacity 127072K, committed 130124K, reserved 1163264K
  class space    used 15014K, capacity 15980K, committed 16768K, reserved 1048576K
}
Event: 5881.859 GC heap before
{Heap before GC invocations=47 (full 5):
 PSYoungGen      total 463360K, used 417106K [0x00000000e0000000, 0x00000000ffa80000, 0x0000000100000000)
  eden space 412160K, 100% used [0x00000000e0000000,0x00000000f9280000,0x00000000f9280000)
  from space 51200K, 9% used [0x00000000f9280000,0x00000000f9754b78,0x00000000fc480000)
  to   space 49152K, 0% used [0x00000000fca80000,0x00000000fca80000,0x00000000ffa80000)
 ParOldGen       total 295424K, used 167985K [0x00000000a0000000, 0x00000000b2080000, 0x00000000e0000000)
  object space 295424K, 56% used [0x00000000a0000000,0x00000000aa40c720,0x00000000b2080000)
 Metaspace       used 122791K, capacity 127320K, committed 130124K, reserved 1163264K
  class space    used 15025K, capacity 15990K, committed 16768K, reserved 1048576K
Event: 5881.865 GC heap after
Heap after GC invocations=47 (full 5):
 PSYoungGen      total 471040K, used 256K [0x00000000e0000000, 0x00000000ffb00000, 0x0000000100000000)
  eden space 421888K, 0% used [0x00000000e0000000,0x00000000e0000000,0x00000000f9c00000)
  from space 49152K, 0% used [0x00000000fca80000,0x00000000fcac0000,0x00000000ffa80000)
  to   space 47616K, 0% used [0x00000000f9c00000,0x00000000f9c00000,0x00000000fca80000)
 ParOldGen       total 295424K, used 168697K [0x00000000a0000000, 0x00000000b2080000, 0x00000000e0000000)
  object space 295424K, 57% used [0x00000000a0000000,0x00000000aa4be760,0x00000000b2080000)
 Metaspace       used 122791K, capacity 127320K, committed 130124K, reserved 1163264K
  class space    used 15025K, capacity 15990K, committed 16768K, reserved 1048576K
}
Event: 5892.993 GC heap before
{Heap before GC invocations=48 (full 5):
 PSYoungGen      total 471040K, used 422144K [0x00000000e0000000, 0x00000000ffb00000, 0x0000000100000000)
  eden space 421888K, 100% used [0x00000000e0000000,0x00000000f9c00000,0x00000000f9c00000)
  from space 49152K, 0% used [0x00000000fca80000,0x00000000fcac0000,0x00000000ffa80000)
  to   space 47616K, 0% used [0x00000000f9c00000,0x00000000f9c00000,0x00000000fca80000)
 ParOldGen       total 295424K, used 168697K [0x00000000a0000000, 0x00000000b2080000, 0x00000000e0000000)
  object space 295424K, 57% used [0x00000000a0000000,0x00000000aa4be760,0x00000000b2080000)
 Metaspace       used 123467K, capacity 128030K, committed 130380K, reserved 1163264K
  class space    used 15083K, capacity 16077K, committed 16768K, reserved 1048576K
Event: 5893.139 GC heap after
Heap after GC invocations=48 (full 5):
 PSYoungGen      total 469504K, used 47590K [0x00000000e0000000, 0x0000000100000000, 0x0000000100000000)
  eden space 421888K, 0% used [0x00000000e0000000,0x00000000e0000000,0x00000000f9c00000)
  from space 47616K, 99% used [0x00000000f9c00000,0x00000000fca79ab8,0x00000000fca80000)
  to   space 54784K, 0% used [0x00000000fca80000,0x00000000fca80000,0x0000000100000000)
 ParOldGen       total 295424K, used 234000K [0x00000000a0000000, 0x00000000b2080000, 0x00000000e0000000)
  object space 295424K, 79% used [0x00000000a0000000,0x00000000ae4842b0,0x00000000b2080000)
 Metaspace       used 123467K, capacity 128030K, committed 130380K, reserved 1163264K
  class space    used 15083K, capacity 16077K, committed 16768K, reserved 1048576K
}

